<?xml version="1.0" encoding="UTF-8"?>
<testng-results ignored="0" total="1" passed="1" failed="0" skipped="0">
  <reporter-output>
  </reporter-output>
  <suite started-at="2024-12-30T23:09:39 IST" name="Default suite" finished-at="2024-12-30T23:09:47 IST" duration-ms="7669">
    <groups>
    </groups>
    <test started-at="2024-12-30T23:09:39 IST" name="Default test" finished-at="2024-12-30T23:09:47 IST" duration-ms="7669">
      <class name="com.thetestingacademy.LearningSeleniumATB9x.ex04_Options_locators.TestSelenium10">
        <test-method signature="test_Selenium()[pri:0, instance:com.thetestingacademy.LearningSeleniumATB9x.ex04_Options_locators.TestSelenium10@33ecda92]" started-at="2024-12-30T23:09:40 IST" name="test_Selenium" finished-at="2024-12-30T23:09:46 IST" duration-ms="6853" status="PASS">
          <reporter-output>
          </reporter-output>
        </test-method> <!-- test_Selenium -->
      </class> <!-- com.thetestingacademy.LearningSeleniumATB9x.ex04_Options_locators.TestSelenium10 -->
    </test> <!-- Default test -->
  </suite> <!-- Default suite -->
</testng-results>
