<?xml version="1.0" encoding="UTF-8"?>
<testng-results ignored="0" total="1" passed="1" failed="0" skipped="0">
  <reporter-output>
  </reporter-output>
  <suite started-at="2024-12-30T15:39:35 IST" name="Default suite" finished-at="2024-12-30T15:39:52 IST" duration-ms="16928">
    <groups>
    </groups>
    <test started-at="2024-12-30T15:39:35 IST" name="Default test" finished-at="2024-12-30T15:39:52 IST" duration-ms="16928">
      <class name="com.thetestingacademy.LearningSeleniumATB9x.ex03_Selenium.TestSelenium08">
        <test-method signature="test_selenium()[pri:0, instance:com.thetestingacademy.LearningSeleniumATB9x.ex03_Selenium.TestSelenium08@33ecda92]" started-at="2024-12-30T15:39:35 IST" name="test_selenium" finished-at="2024-12-30T15:39:51 IST" duration-ms="16504" status="PASS">
          <reporter-output>
          </reporter-output>
        </test-method> <!-- test_selenium -->
      </class> <!-- com.thetestingacademy.LearningSeleniumATB9x.ex03_Selenium.TestSelenium08 -->
    </test> <!-- Default test -->
  </suite> <!-- Default suite -->
</testng-results>
