<?xml version="1.0" encoding="UTF-8"?>
<testng-results ignored="0" total="1" passed="1" failed="0" skipped="0">
  <reporter-output>
  </reporter-output>
  <suite started-at="2025-01-14T16:52:55 IST" name="Default suite" finished-at="2025-01-14T16:53:39 IST" duration-ms="43969">
    <groups>
    </groups>
    <test started-at="2025-01-14T16:52:55 IST" name="Default test" finished-at="2025-01-14T16:53:39 IST" duration-ms="43969">
      <class name="com.thetestingacademy.LearningSeleniumATB9x.ex10_Windows.TestSelenium28">
        <test-method is-config="true" signature="setupBrowser()[pri:0, instance:com.thetestingacademy.LearningSeleniumATB9x.ex10_Windows.TestSelenium28@20b2475a]" started-at="2025-01-14T16:52:55 IST" name="setupBrowser" finished-at="2025-01-14T16:53:17 IST" duration-ms="21307" status="PASS">
          <reporter-output>
          </reporter-output>
        </test-method> <!-- setupBrowser -->
        <test-method signature="test_windowHandlesComplex()[pri:0, instance:com.thetestingacademy.LearningSeleniumATB9x.ex10_Windows.TestSelenium28@20b2475a]" started-at="2025-01-14T16:53:17 IST" name="test_windowHandlesComplex" finished-at="2025-01-14T16:53:38 IST" duration-ms="21535" status="PASS">
          <reporter-output>
          </reporter-output>
        </test-method> <!-- test_windowHandlesComplex -->
        <test-method is-config="true" signature="tearDown()[pri:0, instance:com.thetestingacademy.LearningSeleniumATB9x.ex10_Windows.TestSelenium28@20b2475a]" started-at="2025-01-14T16:53:39 IST" name="tearDown" finished-at="2025-01-14T16:53:39 IST" duration-ms="658" status="PASS">
          <reporter-output>
          </reporter-output>
        </test-method> <!-- tearDown -->
      </class> <!-- com.thetestingacademy.LearningSeleniumATB9x.ex10_Windows.TestSelenium28 -->
    </test> <!-- Default test -->
  </suite> <!-- Default suite -->
</testng-results>
